<?xml version="1.0" encoding="UTF-8"?>
<!-- Generated by org.testng.reporters.JUnitReportReporter -->
<testsuite hostname="DESKTOP-5V76NB6" failures="0" tests="1" name="runner.TestRunner" time="59.958" errors="0" timestamp="2024-02-16T13:51:20 IST" skipped="0">
  <testcase classname="runner.TestRunner" name="runScenario" time="59.958"/>
  <system-out/>
</testsuite> <!-- runner.TestRunner -->
